Documents/Previous App Resources/LizCapAppAndroidStudioNov2016/app/build/outputs/logs/manifest-merger-debug-report.txt
-- Merging decision tree log ---
manifest
ADDED from src/main/AndroidManifest.xml:2:1-264:12
	package
		ADDED from src/main/AndroidManifest.xml:3:7-24
		INJECTED from src/main/AndroidManifest.xml
		INJECTED from src/main/AndroidManifest.xml
	android:versionName
		ADDED from src/main/AndroidManifest.xml:5:7-32
		INJECTED from src/main/AndroidManifest.xml
		INJECTED from src/main/AndroidManifest.xml
	android:versionCode
		ADDED from src/main/AndroidManifest.xml:4:7-30
		INJECTED from src/main/AndroidManifest.xml
		INJECTED from src/main/AndroidManifest.xml
	xmlns:android
		ADDED from src/main/AndroidManifest.xml:2:11-69
	android:installLocation
		ADDED from src/main/AndroidManifest.xml:6:7-37
application
ADDED from src/main/AndroidManifest.xml:7:5-258:19
	android:label
		ADDED from src/main/AndroidManifest.xml:10:5-37
	android:icon
		ADDED from src/main/AndroidManifest.xml:9:8-44
	android:name
		ADDED from src/main/AndroidManifest.xml:8:8-40
uses-permission#android.permission.READ_LOGS
ADDED from src/main/AndroidManifest.xml:24:2-64
	android:name
		ADDED from src/main/AndroidManifest.xml:24:19-62
activity#asu.edu.activity.MainMenu
ADDED from src/main/AndroidManifest.xml:27:2-33:20
	android:screenOrientation
		ADDED from src/main/AndroidManifest.xml:28:3-39
	android:label
		ADDED from src/main/AndroidManifest.xml:28:40-65
	android:name
		ADDED from src/main/AndroidManifest.xml:27:12-45
intent-filter#android.intent.action.MAIN+android.intent.category.LAUNCHER
ADDED from src/main/AndroidManifest.xml:29:13-32:29
action#android.intent.action.MAIN
ADDED from src/main/AndroidManifest.xml:30:17-69
	android:name
		ADDED from src/main/AndroidManifest.xml:30:25-66
category#android.intent.category.LAUNCHER
ADDED from src/main/AndroidManifest.xml:31:17-77
	android:name
		ADDED from src/main/AndroidManifest.xml:31:27-74
activity#asu.edu.activity.AnimalHistory
ADDED from src/main/AndroidManifest.xml:35:9-43:20
	android:screenOrientation
		ADDED from src/main/AndroidManifest.xml:36:13-52
	android:label
		ADDED from src/main/AndroidManifest.xml:37:19-44
	android:theme
		ADDED from src/main/AndroidManifest.xml:38:19-61
	android:name
		ADDED from src/main/AndroidManifest.xml:35:19-57
intent-filter#android.intent.action.VIEW+android.intent.category.DEFAULT
ADDED from src/main/AndroidManifest.xml:39:13-42:29
action#android.intent.action.VIEW
ADDED from src/main/AndroidManifest.xml:40:17-69
	android:name
		ADDED from src/main/AndroidManifest.xml:40:25-66
category#android.intent.category.DEFAULT
ADDED from src/main/AndroidManifest.xml:41:17-76
	android:name
		ADDED from src/main/AndroidManifest.xml:41:27-73
activity#asu.edu.activity.Sync
ADDED from src/main/AndroidManifest.xml:45:9-52:20
	android:screenOrientation
		ADDED from src/main/AndroidManifest.xml:46:13-49
	android:label
		ADDED from src/main/AndroidManifest.xml:47:19-44
	android:name
		ADDED from src/main/AndroidManifest.xml:45:19-48
activity#asu.edu.activity.Search
ADDED from src/main/AndroidManifest.xml:54:9-61:20
	android:screenOrientation
		ADDED from src/main/AndroidManifest.xml:55:13-50
	android:label
		ADDED from src/main/AndroidManifest.xml:56:19-44
	android:name
		ADDED from src/main/AndroidManifest.xml:54:19-50
activity#asu.edu.activity.UserData
ADDED from src/main/AndroidManifest.xml:63:9-71:20
	android:screenOrientation
		ADDED from src/main/AndroidManifest.xml:64:13-49
	android:label
		ADDED from src/main/AndroidManifest.xml:66:19-44
	android:windowSoftInputMode
		ADDED from src/main/AndroidManifest.xml:65:13-68
	android:name
		ADDED from src/main/AndroidManifest.xml:63:19-52
activity#asu.edu.activity.SpeciesList
ADDED from src/main/AndroidManifest.xml:73:9-80:20
	android:screenOrientation
		ADDED from src/main/AndroidManifest.xml:74:13-49
	android:label
		ADDED from src/main/AndroidManifest.xml:75:19-44
	android:name
		ADDED from src/main/AndroidManifest.xml:73:19-55
activity#asu.edu.activity.FenceArray
ADDED from src/main/AndroidManifest.xml:82:9-89:20
	android:screenOrientation
		ADDED from src/main/AndroidManifest.xml:83:13-49
	android:label
		ADDED from src/main/AndroidManifest.xml:84:19-44
	android:name
		ADDED from src/main/AndroidManifest.xml:82:19-54
activity#asu.edu.activity.TrapArray
ADDED from src/main/AndroidManifest.xml:91:9-98:20
	android:screenOrientation
		ADDED from src/main/AndroidManifest.xml:92:13-49
	android:label
		ADDED from src/main/AndroidManifest.xml:93:19-44
	android:name
		ADDED from src/main/AndroidManifest.xml:91:19-53
activity#asu.edu.activity.ToeClipCode
ADDED from src/main/AndroidManifest.xml:100:9-107:20
	android:screenOrientation
		ADDED from src/main/AndroidManifest.xml:101:13-49
	android:label
		ADDED from src/main/AndroidManifest.xml:102:19-44
	android:name
		ADDED from src/main/AndroidManifest.xml:100:19-55
activity#asu.edu.activity.Amphibian
ADDED from src/main/AndroidManifest.xml:109:9-116:20
	android:screenOrientation
		ADDED from src/main/AndroidManifest.xml:110:13-49
	android:label
		ADDED from src/main/AndroidManifest.xml:111:19-44
	android:name
		ADDED from src/main/AndroidManifest.xml:109:19-53
activity#asu.edu.activity.Arthropod
ADDED from src/main/AndroidManifest.xml:118:3-125:20
	android:screenOrientation
		ADDED from src/main/AndroidManifest.xml:119:13-49
	android:label
		ADDED from src/main/AndroidManifest.xml:120:19-44
	android:name
		ADDED from src/main/AndroidManifest.xml:118:13-47
activity#asu.edu.activity.AddArthropod
ADDED from src/main/AndroidManifest.xml:127:9-134:20
	android:screenOrientation
		ADDED from src/main/AndroidManifest.xml:128:13-49
	android:label
		ADDED from src/main/AndroidManifest.xml:129:19-44
	android:name
		ADDED from src/main/AndroidManifest.xml:127:19-56
activity#asu.edu.activity.ArthropodOld
ADDED from src/main/AndroidManifest.xml:136:3-143:20
	android:screenOrientation
		ADDED from src/main/AndroidManifest.xml:137:13-49
	android:label
		ADDED from src/main/AndroidManifest.xml:138:19-44
	android:name
		ADDED from src/main/AndroidManifest.xml:136:13-50
activity#asu.edu.activity.HerpDataPartOne
ADDED from src/main/AndroidManifest.xml:145:3-152:20
	android:screenOrientation
		ADDED from src/main/AndroidManifest.xml:146:13-49
	android:label
		ADDED from src/main/AndroidManifest.xml:147:19-44
	android:name
		ADDED from src/main/AndroidManifest.xml:145:13-53
activity#asu.edu.activity.HerpDataPartTwo
ADDED from src/main/AndroidManifest.xml:154:9-161:20
	android:screenOrientation
		ADDED from src/main/AndroidManifest.xml:155:13-49
	android:label
		ADDED from src/main/AndroidManifest.xml:156:19-44
	android:name
		ADDED from src/main/AndroidManifest.xml:154:19-59
activity#asu.edu.activity.HerpDataPartThree
ADDED from src/main/AndroidManifest.xml:163:9-170:20
	android:screenOrientation
		ADDED from src/main/AndroidManifest.xml:164:13-49
	android:label
		ADDED from src/main/AndroidManifest.xml:165:19-44
	android:name
		ADDED from src/main/AndroidManifest.xml:163:19-61
activity#asu.edu.activity.Mammal
ADDED from src/main/AndroidManifest.xml:172:9-179:20
	android:screenOrientation
		ADDED from src/main/AndroidManifest.xml:173:13-49
	android:label
		ADDED from src/main/AndroidManifest.xml:174:19-44
	android:name
		ADDED from src/main/AndroidManifest.xml:172:19-50
activity#asu.edu.activity.Snake
ADDED from src/main/AndroidManifest.xml:181:9-188:20
	android:screenOrientation
		ADDED from src/main/AndroidManifest.xml:182:13-49
	android:label
		ADDED from src/main/AndroidManifest.xml:183:19-44
	android:name
		ADDED from src/main/AndroidManifest.xml:181:19-49
activity#asu.edu.activity.NoCapture
ADDED from src/main/AndroidManifest.xml:190:9-197:20
	android:screenOrientation
		ADDED from src/main/AndroidManifest.xml:191:13-49
	android:label
		ADDED from src/main/AndroidManifest.xml:192:19-44
	android:name
		ADDED from src/main/AndroidManifest.xml:190:19-53
activity#asu.edu.activity.VerifyAmphibian
ADDED from src/main/AndroidManifest.xml:199:9-206:20
	android:screenOrientation
		ADDED from src/main/AndroidManifest.xml:200:13-49
	android:label
		ADDED from src/main/AndroidManifest.xml:201:19-44
	android:name
		ADDED from src/main/AndroidManifest.xml:199:19-59
activity#asu.edu.activity.VerifyArthropod
ADDED from src/main/AndroidManifest.xml:208:9-215:20
	android:screenOrientation
		ADDED from src/main/AndroidManifest.xml:209:13-49
	android:label
		ADDED from src/main/AndroidManifest.xml:210:19-44
	android:name
		ADDED from src/main/AndroidManifest.xml:208:19-59
activity#asu.edu.activity.VerifyHerp
ADDED from src/main/AndroidManifest.xml:217:9-224:20
	android:screenOrientation
		ADDED from src/main/AndroidManifest.xml:218:13-49
	android:label
		ADDED from src/main/AndroidManifest.xml:219:19-44
	android:name
		ADDED from src/main/AndroidManifest.xml:217:19-54
activity#asu.edu.activity.VerifyMammal
ADDED from src/main/AndroidManifest.xml:226:9-233:20
	android:screenOrientation
		ADDED from src/main/AndroidManifest.xml:227:13-49
	android:label
		ADDED from src/main/AndroidManifest.xml:228:19-44
	android:name
		ADDED from src/main/AndroidManifest.xml:226:19-56
activity#asu.edu.activity.VerifySnake
ADDED from src/main/AndroidManifest.xml:235:9-242:20
	android:screenOrientation
		ADDED from src/main/AndroidManifest.xml:236:13-49
	android:label
		ADDED from src/main/AndroidManifest.xml:237:19-44
	android:name
		ADDED from src/main/AndroidManifest.xml:235:19-55
activity#asu.edu.activity.RecaptureList
ADDED from src/main/AndroidManifest.xml:244:9-250:20
	android:label
		ADDED from src/main/AndroidManifest.xml:245:19-44
	android:name
		ADDED from src/main/AndroidManifest.xml:244:19-57
activity#asu.edu.activity.TaxaSelection
ADDED from src/main/AndroidManifest.xml:251:9-69
	android:name
		ADDED from src/main/AndroidManifest.xml:251:19-57
activity#asu.edu.activity.LocationComments
ADDED from src/main/AndroidManifest.xml:252:9-72
	android:name
		ADDED from src/main/AndroidManifest.xml:252:19-60
activity#asu.edu.activity.EditArthropod
ADDED from src/main/AndroidManifest.xml:253:9-69
	android:name
		ADDED from src/main/AndroidManifest.xml:253:19-57
activity#asu.edu.activity.CheckdatesHistory
ADDED from src/main/AndroidManifest.xml:255:9-107
	android:theme
		ADDED from src/main/AndroidManifest.xml:255:62-104
	android:name
		ADDED from src/main/AndroidManifest.xml:255:19-61
activity#asu.edu.activity.AboutApplication
ADDED from src/main/AndroidManifest.xml:256:9-106
	android:theme
		ADDED from src/main/AndroidManifest.xml:256:61-103
	android:name
		ADDED from src/main/AndroidManifest.xml:256:19-60
uses-permission#android.permission.ACCESS_WIFI_STATE
ADDED from src/main/AndroidManifest.xml:259:5-76
	android:name
		ADDED from src/main/AndroidManifest.xml:259:22-73
uses-permission#android.permission.CHANGE_WIFI_STATE
ADDED from src/main/AndroidManifest.xml:260:2-73
	android:name
		ADDED from src/main/AndroidManifest.xml:260:19-70
uses-permission#android.permission.INTERNET
ADDED from src/main/AndroidManifest.xml:261:5-67
	android:name
		ADDED from src/main/AndroidManifest.xml:261:22-64
uses-permission#android.permission.WRITE_EXTERNAL_STORAGE
ADDED from src/main/AndroidManifest.xml:262:5-81
	android:name
		ADDED from src/main/AndroidManifest.xml:262:22-78